COSC425_426/Original_App/Android Source Code/app/build/intermediates/manifest_merge_blame_file/debug/manifest-merger-blame-debug-report.txt
1<?xml version="1.0" encoding="utf-8"?>
2<manifest xmlns:android="http://schemas.android.com/apk/res/android"
3    package="thelibrarians2.sulibraryapp"
4    android:versionCode="3"
5    android:versionName="1.1" >
6
7    <uses-sdk
8        android:minSdkVersion="14"
8-->src/main/AndroidManifest.xml
9        android:targetSdkVersion="23" />
9-->src/main/AndroidManifest.xml
10
11    <uses-permission android:name="android.permission.INTERNET" />
11-->src/main/AndroidManifest.xml:5:5-67
11-->src/main/AndroidManifest.xml:5:22-64
12    <uses-permission android:name="android.permission.ACCESS_NETWORK_STATE" />
12-->src/main/AndroidManifest.xml:6:5-79
12-->src/main/AndroidManifest.xml:6:22-76
13    <uses-permission android:name="android.permission.BLUETOOTH" />
13-->src/main/AndroidManifest.xml:7:5-68
13-->src/main/AndroidManifest.xml:7:22-65
14    <!-- enables proper camera permissions for reading barcode -->
15    <uses-permission android:name="android.permission.CAMERA" />
15-->src/main/AndroidManifest.xml:9:5-65
15-->src/main/AndroidManifest.xml:9:22-62
16
17    <uses-feature android:name="android.hardware.camera" />
17-->src/main/AndroidManifest.xml:11:5-60
17-->src/main/AndroidManifest.xml:11:19-57
18    <uses-feature android:name="android.hardware.camera.autofocus" />
18-->src/main/AndroidManifest.xml:12:5-70
18-->src/main/AndroidManifest.xml:12:19-67
19
20    <application
20-->src/main/AndroidManifest.xml:14:5-43:19
21        android:allowBackup="true"
21-->src/main/AndroidManifest.xml:15:9-35
22        android:debuggable="true"
23        android:icon="@mipmap/ic_launcher"
23-->src/main/AndroidManifest.xml:16:9-43
24        android:label="@string/app_name"
24-->src/main/AndroidManifest.xml:17:9-41
25        android:supportsRtl="true"
25-->src/main/AndroidManifest.xml:18:9-35
26        android:testOnly="true"
27        android:theme="@style/AppTheme" >
27-->src/main/AndroidManifest.xml:19:9-40
28        <activity
28-->src/main/AndroidManifest.xml:20:9-34:20
29            android:name="thelibrarians2.sulibraryapp.MainActivity"
29-->src/main/AndroidManifest.xml:21:13-68
30            android:launchMode="singleTop"
30-->src/main/AndroidManifest.xml:22:13-43
31            android:screenOrientation="portrait" >
31-->src/main/AndroidManifest.xml:23:13-49
32            <intent-filter>
32-->src/main/AndroidManifest.xml:24:13-29:29
33                <action android:name="android.intent.action.MAIN" />
33-->src/main/AndroidManifest.xml:25:17-69
33-->src/main/AndroidManifest.xml:25:25-66
34                <action android:name="android.intent.action.SEARCH" />
34-->src/main/AndroidManifest.xml:26:17-71
34-->src/main/AndroidManifest.xml:26:25-68
35
36                <category android:name="android.intent.category.LAUNCHER" />
36-->src/main/AndroidManifest.xml:28:17-77
36-->src/main/AndroidManifest.xml:28:27-74
37            </intent-filter>
38
39            <meta-data
39-->src/main/AndroidManifest.xml:31:13-33:57
40                android:name="android.app.searchable"
40-->src/main/AndroidManifest.xml:32:17-54
41                android:resource="@layout/searchable" />
41-->src/main/AndroidManifest.xml:33:17-54
42        </activity>
43
44        <service
44-->src/main/AndroidManifest.xml:36:9-38:40
45            android:name="thelibrarians2.sulibraryapp.JSONPullingService"
45-->src/main/AndroidManifest.xml:37:13-47
46            android:exported="false" />
46-->src/main/AndroidManifest.xml:38:13-37
47        <!--
48 ATTENTION: This was auto-generated to add Google Play services to your project for
49     App Indexing.  See https://g.co/AppIndexing/AndroidStudio for more information.
50        -->
51        <meta-data
51-->src/main/AndroidManifest.xml:40:9-42:69
52            android:name="com.google.android.gms.version"
52-->src/main/AndroidManifest.xml:41:13-58
53            android:value="@integer/google_play_services_version" />
53-->src/main/AndroidManifest.xml:42:13-66
54    </application>
55
56</manifest>